<?xml version="1.0" encoding="UTF-8"?>
<!-- Generated by org.testng.reporters.JUnitXMLReporter -->
<testsuite hostname="user-PC" ignored="0" name="DemoTest_case1" tests="6" failures="0" timestamp="19 Apr 2021 12:13:23 GMT" time="140.877" errors="0">
  <testcase name="tc_test1" time="0.008" classname="com.qa.smokesuite.testcases.DemoTest_case2"/>
  <testcase name="tc_test" time="23.319" classname="com.qa.smokesuite.testcases.DemoTest_case3"/>
  <testcase name="tc_test2" time="30.261" classname="com.qa.smokesuite.testcases.DemoTest_case2"/>
  <testcase name="test1" time="66.648" classname="com.qa.smokesuite.testcases.DemoTest_case1"/>
  <testcase name="test2" time="0.003" classname="com.qa.smokesuite.testcases.DemoTest_case1"/>
  <testcase name="tc_test2" time="65.621" classname="com.qa.smokesuite.testcases.DemoTest_case3"/>
</testsuite> <!-- DemoTest_case1 -->
