<?xml version="1.0" encoding="UTF-8"?>
<!-- Generated by org.testng.reporters.JUnitXMLReporter -->
<testsuite hostname="user-PC" ignored="0" name="DemoTest_case1" tests="6" failures="0" timestamp="20 Apr 2021 10:04:01 GMT" time="113.039" errors="0">
  <testcase name="tc_test1" time="0.034" classname="com.qa.smokesuite.testcases.DemoTest_case2"/>
  <testcase name="tc_test" time="22.814" classname="com.qa.smokesuite.testcases.DemoTest_case3"/>
  <testcase name="tc_test2" time="23.064" classname="com.qa.smokesuite.testcases.DemoTest_case2"/>
  <testcase name="test1" time="65.692" classname="com.qa.smokesuite.testcases.DemoTest_case1"/>
  <testcase name="test2" time="0.001" classname="com.qa.smokesuite.testcases.DemoTest_case1"/>
  <testcase name="tc_test2" time="65.232" classname="com.qa.smokesuite.testcases.DemoTest_case3"/>
</testsuite> <!-- DemoTest_case1 -->
