<?xml version="1.0" encoding="UTF-8"?>
<testsuite xmlns:xsi="http://www.w3.org/2001/XMLSchema-instance" xsi:noNamespaceSchemaLocation="https://maven.apache.org/surefire/maven-surefire-plugin/xsd/surefire-test-report.xsd" name="TestSuite" time="114.219" tests="6" errors="0" skipped="0" failures="0">
  <properties>
[...]
</properties>
  <testcase name="tc_test1" classname="com.qa.smokesuite.testcases.DemoTest_case2" time="0.012"/>
  <testcase name="tc_test" classname="com.qa.smokesuite.testcases.DemoTest_case3" time="5.945"/>
  <testcase name="tc_test2" classname="com.qa.smokesuite.testcases.DemoTest_case2" time="10.769"/>
  <testcase name="test1" classname="com.qa.smokesuite.testcases.DemoTest_case1" time="38.41"/>
  <testcase name="test2" classname="com.qa.smokesuite.testcases.DemoTest_case1" time="0.011"/>
  <testcase name="tc_test2" classname="com.qa.smokesuite.testcases.DemoTest_case3" time="23.63"/>
</testsuite>